[debug] [2017-12-22T22:12:02.809Z] ----------------------------------------------------------------------
[debug] [2017-12-22T22:12:02.817Z] Command:       /usr/bin/node /usr/local/bin/firebase login --reauth
[debug] [2017-12-22T22:12:02.817Z] CLI Version:   3.15.3
[debug] [2017-12-22T22:12:02.817Z] Platform:      linux
[debug] [2017-12-22T22:12:02.817Z] Node Version:  v8.9.3
[debug] [2017-12-22T22:12:02.817Z] Time:          Sat Dec 23 2017 03:42:02 GMT+0530 (IST)
[debug] [2017-12-22T22:12:02.817Z] ----------------------------------------------------------------------
[debug] 
[info] 
[info] Visit this URL on any device to log in:
[info] https://accounts.google.com/o/oauth2/auth?client_id=563584335869-fgrhgmd47bqnekij5i8b5pr03ho849e6.apps.googleusercontent.com&scope=email%20openid%20https%3A%2F%2Fwww.googleapis.com%2Fauth%2Fcloudplatformprojects.readonly%20https%3A%2F%2Fwww.googleapis.com%2Fauth%2Ffirebase%20https%3A%2F%2Fwww.googleapis.com%2Fauth%2Fcloud-platform&response_type=code&state=690751744&redirect_uri=http%3A%2F%2Flocalhost%3A9005
[info] 
[info] Waiting for authentication...
[debug] [2017-12-22T22:12:44.571Z] >>> HTTP REQUEST POST https://accounts.google.com/o/oauth2/token { code: '4/Vdu9RXxzP97Mp-4gFZrlX4YxHW0iEtverAzQSKCN-iM',
  client_id: '563584335869-fgrhgmd47bqnekij5i8b5pr03ho849e6.apps.googleusercontent.com',
  client_secret: 'j9iVZfS8kkCEFUPaAeJV0sAi',
  redirect_uri: 'http://localhost:9005',
  grant_type: 'authorization_code' } 
 Sat Dec 23 2017 03:42:44 GMT+0530 (IST)
[debug] [2017-12-22T22:12:44.605Z] Token Fetch Error: Error
    at new FirebaseError (/usr/local/share/.config/yarn/global/node_modules/firebase-tools/lib/error.js:11:17)
    at Request._callback (/usr/local/share/.config/yarn/global/node_modules/firebase-tools/lib/api.js:32:23)
    at self.callback (/usr/local/share/.config/yarn/global/node_modules/request/request.js:186:22)
    at emitOne (events.js:116:13)
    at Request.emit (events.js:211:7)
    at Request.onRequestError (/usr/local/share/.config/yarn/global/node_modules/request/request.js:878:8)
    at emitOne (events.js:116:13)
    at ClientRequest.emit (events.js:211:7)
    at ClientRequest.onError (/usr/local/share/.config/yarn/global/node_modules/tunnel-agent/index.js:179:21)
    at Object.onceWrapper (events.js:315:30)
[debug] [2017-12-22T22:13:50.035Z] >>> HTTP REQUEST POST https://accounts.google.com/o/oauth2/token { code: '4/PczG3DqTO_B0UFYha2ePhNHsQgp1Xvr1erbZ_Nd1Jtk',
  client_id: '563584335869-fgrhgmd47bqnekij5i8b5pr03ho849e6.apps.googleusercontent.com',
  client_secret: 'j9iVZfS8kkCEFUPaAeJV0sAi',
  redirect_uri: 'http://localhost:9005',
  grant_type: 'authorization_code' } 
 Sat Dec 23 2017 03:43:50 GMT+0530 (IST)
[debug] [2017-12-22T22:14:45.072Z] ----------------------------------------------------------------------
[debug] [2017-12-22T22:14:45.074Z] Command:       /usr/bin/node /usr/local/bin/firebase login --reauth --no-localhost
[debug] [2017-12-22T22:14:45.075Z] CLI Version:   3.15.3
[debug] [2017-12-22T22:14:45.075Z] Platform:      linux
[debug] [2017-12-22T22:14:45.075Z] Node Version:  v8.9.3
[debug] [2017-12-22T22:14:45.075Z] Time:          Sat Dec 23 2017 03:44:45 GMT+0530 (IST)
[debug] [2017-12-22T22:14:45.075Z] ----------------------------------------------------------------------
[debug] 
[info] 
[info] Visit this URL on any device to log in:
[info] https://accounts.google.com/o/oauth2/auth?client_id=563584335869-fgrhgmd47bqnekij5i8b5pr03ho849e6.apps.googleusercontent.com&scope=email%20openid%20https%3A%2F%2Fwww.googleapis.com%2Fauth%2Fcloudplatformprojects.readonly%20https%3A%2F%2Fwww.googleapis.com%2Fauth%2Ffirebase%20https%3A%2F%2Fwww.googleapis.com%2Fauth%2Fcloud-platform&response_type=code&state=631609449&redirect_uri=urn%3Aietf%3Awg%3Aoauth%3A2.0%3Aoob
[info] 
[debug] [2017-12-22T22:15:11.655Z] >>> HTTP REQUEST POST https://accounts.google.com/o/oauth2/token { code: '4/6zOwyDiZSjcSSHvw-LODSDf-_w_gr6ebPBWy8DvdUyA',
  client_id: '563584335869-fgrhgmd47bqnekij5i8b5pr03ho849e6.apps.googleusercontent.com',
  client_secret: 'j9iVZfS8kkCEFUPaAeJV0sAi',
  redirect_uri: 'urn:ietf:wg:oauth:2.0:oob',
  grant_type: 'authorization_code' } 
 Sat Dec 23 2017 03:45:11 GMT+0530 (IST)
[debug] [2017-12-22T22:15:30.077Z] ----------------------------------------------------------------------
[debug] [2017-12-22T22:15:30.079Z] Command:       /usr/bin/node /usr/local/bin/firebase login --reauth --no-localhost
[debug] [2017-12-22T22:15:30.080Z] CLI Version:   3.15.3
[debug] [2017-12-22T22:15:30.080Z] Platform:      linux
[debug] [2017-12-22T22:15:30.080Z] Node Version:  v8.9.3
[debug] [2017-12-22T22:15:30.080Z] Time:          Sat Dec 23 2017 03:45:30 GMT+0530 (IST)
[debug] [2017-12-22T22:15:30.080Z] ----------------------------------------------------------------------
[debug] 
[info] 
[info] Visit this URL on any device to log in:
[info] https://accounts.google.com/o/oauth2/auth?client_id=563584335869-fgrhgmd47bqnekij5i8b5pr03ho849e6.apps.googleusercontent.com&scope=email%20openid%20https%3A%2F%2Fwww.googleapis.com%2Fauth%2Fcloudplatformprojects.readonly%20https%3A%2F%2Fwww.googleapis.com%2Fauth%2Ffirebase%20https%3A%2F%2Fwww.googleapis.com%2Fauth%2Fcloud-platform&response_type=code&state=71922946&redirect_uri=urn%3Aietf%3Awg%3Aoauth%3A2.0%3Aoob
[info] 
[debug] [2017-12-22T22:15:55.218Z] >>> HTTP REQUEST POST https://accounts.google.com/o/oauth2/token { code: '4/QCyXV3p4Ul2H_svj_2XG6lQY4HPjiVPeFhXPGMjaQAI',
  client_id: '563584335869-fgrhgmd47bqnekij5i8b5pr03ho849e6.apps.googleusercontent.com',
  client_secret: 'j9iVZfS8kkCEFUPaAeJV0sAi',
  redirect_uri: 'urn:ietf:wg:oauth:2.0:oob',
  grant_type: 'authorization_code' } 
 Sat Dec 23 2017 03:45:55 GMT+0530 (IST)
[debug] [2017-12-22T22:18:05.181Z] Token Fetch Error: Error
    at new FirebaseError (/usr/local/share/.config/yarn/global/node_modules/firebase-tools/lib/error.js:11:17)
    at Request._callback (/usr/local/share/.config/yarn/global/node_modules/firebase-tools/lib/api.js:32:23)
    at self.callback (/usr/local/share/.config/yarn/global/node_modules/request/request.js:186:22)
    at emitOne (events.js:116:13)
    at Request.emit (events.js:211:7)
    at Request.onRequestError (/usr/local/share/.config/yarn/global/node_modules/request/request.js:878:8)
    at emitOne (events.js:116:13)
    at ClientRequest.emit (events.js:211:7)
    at ClientRequest.onError (/usr/local/share/.config/yarn/global/node_modules/tunnel-agent/index.js:179:21)
    at Object.onceWrapper (events.js:315:30)
